1615400898923	geckodriver	INFO	Listening on 127.0.0.1:64708
1615400902742	mozrunner::runner	INFO	Running command: "C:\\Program Files\\Mozilla Firefox\\firefox.exe" "--marionette" "-foreground" "-no-remote" "-profile" "C:\\Users\\lenovo\\AppData\\Local\\Temp\\rust_mozprofilerMQyHg"
console.warn: SearchSettings: "get: No settings file exists, new profile?" (new Error("", "(unknown module)"))
1615400910122	Marionette	INFO	Listening on port 64723
1615400910309	Marionette	WARN	TLS certificate errors will be ignored for this session
1615400959894	Marionette	INFO	Stopped listening on port 64723

###!!! [Child][RunMessage] Error: Channel closing: too late to send/recv, messages will be lost

JavaScript error: resource://gre/modules/CrashManager.jsm, line 831: NotAllowedError: Shutting down and refusing additional I/O tasks
1615400962206	geckodriver	INFO	Listening on 127.0.0.1:64901
1615400965271	mozrunner::runner	INFO	Running command: "C:\\Program Files\\Mozilla Firefox\\firefox.exe" "--marionette" "-foreground" "-no-remote" "-profile" "C:\\Users\\lenovo\\AppData\\Local\\Temp\\rust_mozprofilefL49rP"
console.warn: SearchSettings: "get: No settings file exists, new profile?" (new Error("", "(unknown module)"))
1615400973618	Marionette	INFO	Listening on port 64915
1615400974035	Marionette	WARN	TLS certificate errors will be ignored for this session
JavaScript warning: https://vlibras.gov.br/app2/vlibras-plugin.js, line 81: unreachable code after return statement
JavaScript warning: https://vlibras.gov.br/app2/vlibras-plugin.js, line 81: unreachable code after return statement
1615401070734	Marionette	INFO	Stopped listening on port 64915

###!!! [Child][RunMessage] Error: Channel closing: too late to send/recv, messages will be lost

"--marionette" "-foreground" "-no-remote" "-profile" "C:\\Users\\lenovo\\AppData\\Local\\Temp\\rust_mozprofilerMH2cg"
console.warn: SearchSettings: "get: No settings file exists, new profile?" (new Error("", "(unknown module)"))
1615401015833	Marionette	INFO	Listening on port 65012
1615401016278	Marionette	WARN	TLS certificate errors will be ignored for this session
JavaScript warning: https://vlibras.gov.br/app2/vlibras-plugin.js, line 81: unreachable code after return statement
JavaScript warning: https://vlibras.gov.br/app2/vlibras-plugin.js, line 81: unreachable code after return statement
1615401072298	Marionette	INFO	Stopped listening on port 65012

###!!! [Child][RunMessage] Error: Channel closing: too late to send/recv, messages will be lost

"--marionette" "-foreground" "-no-remote" "-profile" "C:\\Users\\lenovo\\AppData\\Local\\Temp\\rust_mozprofileNUktyI"
console.warn: SearchSettings: "get: No settings file exists, new profile?" (new Error("", "(unknown module)"))
1615401039126	Marionette	INFO	Listening on port 65097
1615401039190	Marionette	WARN	TLS certificate errors will be ignored for this session
JavaScript warning: https://vlibras.gov.br/app2/vlibras-plugin.js, line 81: unreachable code after return statement
JavaScript warning: https://vlibras.gov.br/app2/vlibras-plugin.js, line 81: unreachable code after return statement
JavaScript error: chrome://global/content/elements/browser-custom-element.js, line 1633: Error: permitUnload is already running for this tab.
JavaScript error: chrome://browser/content/browser.js, line 7767: uncaught exception: undefined
1615401073167	Marionette	INFO	Stopped listening on port 65097

###!!! [Child][RunMessage] Error: Channel closing: too late to send/recv, messages will be lost

1615401161555	geckodriver	INFO	Listening on 127.0.0.1:65188
1615401164598	mozrunner::runner	INFO	Running command: "C:\\Program Files\\Mozilla Firefox\\firefox.exe" "--marionette" "-foreground" "-no-remote" "-profile" "C:\\Users\\lenovo\\AppData\\Local\\Temp\\rust_mozprofilepRhcTY"
console.warn: SearchSettings: "get: No settings file exists, new profile?" (new Error("", "(unknown module)"))
1615401171496	Marionette	INFO	Listening on port 65197
1615401171758	Marionette	WARN	TLS certificate errors will be ignored for this session
JavaScript warning: https://vlibras.gov.br/app2/vlibras-plugin.js, line 81: unreachable code after return statement
JavaScript warning: https://vlibras.gov.br/app2/vlibras-plugin.js, line 81: unreachable code after return statement
console.log: WebExtensions: reset-default-search: No addons in our list are installed.
JavaScript error: , line 0: NS_ERROR_NOT_AVAILABLE
1615401952766	Marionette	INFO	Stopped listening on port 65197

###!!! [Child][RunMessage] Error: Channel closing: too late to send/recv, messages will be lost

ttings: "get: No settings file exists, new profile?" (new Error("", "(unknown module)"))
1615401223824	Marionette	INFO	Listening on port 65300
1615401224216	Marionette	WARN	TLS certificate errors will be ignored for this session
JavaScript warning: https://vlibras.gov.br/app2/vlibras-plugin.js, line 81: unreachable code after return statement
JavaScript warning: https://vlibras.gov.br/app2/vlibras-plugin.js, line 81: unreachable code after return statement
JavaScript warning: https://vlibras.gov.br/app2/vlibras-plugin.js, line 81: unreachable code after return statement
JavaScript warning: https://vlibras.gov.br/app2/vlibras-plugin.js, line 81: unreachable code after return statement
JavaScript warning: https://vlibras.gov.br/app2/vlibras-plugin.js, line 81: unreachable code after return statement
JavaScript warning: https://vlibras.gov.br/app2/vlibras-plugin.js, line 81: unreachable code after return statement
JavaScript warning: https://vlibras.gov.br/app2/vlibras-plugin.js, line 81: unreachable code after return statement
JavaScript warning: https://vlibras.gov.br/app2/vlibras-plugin.js, line 81: unreachable code after return statement
JavaScript warning: https://vlibras.gov.br/app2/vlibras-plugin.js, line 81: unreachable code after return statement
JavaScript warning: https://vlibras.gov.br/app2/vlibras-plugin.js, line 81: unreachable code after return statement
JavaScript warning: https://vlibras.gov.br/app2/vlibras-plugin.js, line 81: unreachable code after return statement
JavaScript warning: https://vlibras.gov.br/app2/vlibras-plugin.js, line 81: unreachable code after return statement
JavaScript warning: https://vlibras.gov.br/app2/vlibras-plugin.js, line 81: unreachable code after return statement
JavaScript warning: https://vlibras.gov.br/app2/vlibras-plugin.js, line 81: unreachable code after return statement
JavaScript warning: https://vlibras.gov.br/app2/vlibras-plugin.js, line 81: unreachable code after return statement
JavaScript warning: https://vlibras.gov.br/app2/vlibras-plugin.js, line 81: unreachable code after return statement
JavaScript warning: https://vlibras.gov.br/app2/vlibras-plugin.js, line 81: unreachable code after return statement
JavaScript warning: https://vlibras.gov.br/app2/vlibras-plugin.js, line 81: unreachable code after return statement
JavaScript warning: https://vlibras.gov.br/app2/vlibras-plugin.js, line 81: unreachable code after return statement
JavaScript warning: https://vlibras.gov.br/app2/vlibras-plugin.js, line 81: unreachable code after return statement
JavaScript warning: https://vlibras.gov.br/app2/vlibras-plugin.js, line 81: unreachable code after return statement
JavaScript warning: https://vlibras.gov.br/app2/vlibras-plugin.js, line 81: unreachable code after return statement
JavaScript warning: https://vlibras.gov.br/app2/vlibras-plugin.js, line 81: unreachable code after return statement
JavaScript warning: https://vlibras.gov.br/app2/vlibras-plugin.js, line 81: unreachable code after return statement
JavaScript warning: https://vlibras.gov.br/app2/vlibras-plugin.js, line 81: unreachable code after return statement
JavaScript warning: https://vlibras.gov.br/app2/vlibras-plugin.js, line 81: unreachable code after return statement
JavaScript warning: https://vlibras.gov.br/app2/vlibras-plugin.js, line 81: unreachable code after return statement
JavaScript warning: https://vlibras.gov.br/app2/vlibras-plugin.js, line 81: unreachable code after return statement
JavaScript warning: https://vlibras.gov.br/app2/vlibras-plugin.js, line 81: unreachable code after return statement
JavaScript warning: https://vlibras.gov.br/app2/vlibras-plugin.js, line 81: unreachable code after return statement
JavaScript warning: https://vlibras.gov.br/app2/vlibras-plugin.js, line 81: unreachable code after return statement
JavaScript warning: https://vlibras.gov.br/app2/vlibras-plugin.js, line 81: unreachable code after return statement
JavaScript warning: https://vlibras.gov.br/app2/vlibras-plugin.js, line 81: unreachable code after return statement
JavaScript warning: https://vlibras.gov.br/app2/vlibras-plugin.js, line 81: unreachable code after return statement
JavaScript warning: https://vlibras.gov.br/app2/vlibras-plugin.js, line 81: unreachable code after return statement
JavaScript warning: https://vlibras.gov.br/app2/vlibras-plugin.js, line 81: unreachable code after return statement
JavaScript warning: https://vlibras.gov.br/app2/vlibras-plugin.js, line 81: unreachable code after return statement
JavaScript warning: https://vlibras.gov.br/app2/vlibras-plugin.js, line 81: unreachable code after return statement
JavaScript warning: https://vlibras.gov.br/app2/vlibras-plugin.js, line 81: unreachable code after return statement
JavaScript warning: https://vlibras.gov.br/app2/vlibras-plugin.js, line 81: unreachable code after return statement
JavaScript warning: https://vlibras.gov.br/app2/vlibras-plugin.js, line 81: unreachable code after return statement
JavaScript warning: https://vlibras.gov.br/app2/vlibras-plugin.js, line 81: unreachable code after return statement
JavaScript warning: https://vlibras.gov.br/app2/vlibras-plugin.js, line 81: unreachable code after return statement
JavaScript warning: https://vlibras.gov.br/app2/vlibras-plugin.js, line 81: unreachable code after return statement
JavaScript warning: https://vlibras.gov.br/app2/vlibras-plugin.js, line 81: unreachable code after return statement
JavaScript warning: https://vlibras.gov.br/app2/vlibras-plugin.js, line 81: unreachable code after return statement
JavaScript warning: https://vlibras.gov.br/app2/vlibras-plugin.js, line 81: unreachable code after return statement
JavaScript warning: https://vlibras.gov.br/app2/vlibras-plugin.js, line 81: unreachable code after return statement
JavaScript warning: https://vlibras.gov.br/app2/vlibras-plugin.js, line 81: unreachable code after return statement
JavaScript warning: https://vlibras.gov.br/app2/vlibras-plugin.js, line 81: unreachable code after return statement
JavaScript warning: https://vlibras.gov.br/app2/vlibras-plugin.js, line 81: unreachable code after return statement
JavaScript warning: https://vlibras.gov.br/app2/vlibras-plugin.js, line 81: unreachable code after return statement
JavaScript warning: https://vlibras.gov.br/app2/vlibras-plugin.js, line 81: unreachable code after return statement
JavaScript warning: https://vlibras.gov.br/app2/vlibras-plugin.js, line 81: unreachable code after return statement
JavaScript warning: https://vlibras.gov.br/app2/vlibras-plugin.js, line 81: unreachable code after return statement
JavaScript warning: https://vlibras.gov.br/app2/vlibras-plugin.js, line 81: unreachable code after return statement
JavaScript warning: https://vlibras.gov.br/app2/vlibras-plugin.js, line 81: unreachable code after return statement
JavaScript warning: https://vlibras.gov.br/app2/vlibras-plugin.js, line 81: unreachable code after return statement
JavaScript warning: https://vlibras.gov.br/app2/vlibras-plugin.js, line 81: unreachable code after return statement
JavaScript warning: https://vlibras.gov.br/app2/vlibras-plugin.js, line 81: unreachable code after return statement
JavaScript warning: https://vlibras.gov.br/app2/vlibras-plugin.js, line 81: unreachable code after return statement
JavaScript warning: https://vlibras.gov.br/app2/vlibras-plugin.js, line 81: unreachable code after return statement
JavaScript warning: https://vlibras.gov.br/app2/vlibras-plugin.js, line 81: unreachable code after return statement
JavaScript warning: https://vlibras.gov.br/app2/vlibras-plugin.js, line 81: unreachable code after return statement
JavaScript warning: https://vlibras.gov.br/app2/vlibras-plugin.js, line 81: unreachable code after return statement
JavaScript warning: https://vlibras.gov.br/app2/vlibras-plugin.js, line 81: unreachable code after return statement
JavaScript warning: https://vlibras.gov.br/app2/vlibras-plugin.js, line 81: unreachable code after return statement
JavaScript warning: https://vlibras.gov.br/app2/vlibras-plugin.js, line 81: unreachable code after return statement
JavaScript warning: https://vlibras.gov.br/app2/vlibras-plugin.js, line 81: unreachable code after return statement
JavaScript warning: https://vlibras.gov.br/app2/vlibras-plugin.js, line 81: unreachable code after return statement
JavaScript warning: https://vlibras.gov.br/app2/vlibras-plugin.js, line 81: unreachable code after return statement
JavaScript warning: https://vlibras.gov.br/app2/vlibras-plugin.js, line 81: unreachable code after return statement
JavaScript warning: https://vlibras.gov.br/app2/vlibras-plugin.js, line 81: unreachable code after return statement
JavaScript warning: https://vlibras.gov.br/app2/vlibras-plugin.js, line 81: unreachable code after return statement
JavaScript warning: https://vlibras.gov.br/app2/vlibras-plugin.js, line 81: unreachable code after return statement
JavaScript warning: https://vlibras.gov.br/app2/vlibras-plugin.js, line 81: unreachable code after return statement
JavaScript warning: https://vlibras.gov.br/app2/vlibras-plugin.js, line 81: unreachable code after return statement
JavaScript warning: https://vlibras.gov.br/app2/vlibras-plugin.js, line 81: unreachable code after return statement
JavaScript warning: https://vlibras.gov.br/app2/vlibras-plugin.js, line 81: unreachable code after return statement
JavaScript warning: https://vlibras.gov.br/app2/vlibras-plugin.js, line 81: unreachable code after return statement
JavaScript warning: https://vlibras.gov.br/app2/vlibras-plugin.js, line 81: unreachable code after return statement
JavaScript warning: https://vlibras.gov.br/app2/vlibras-plugin.js, line 81: unreachable code after return statement
JavaScript warning: https://vlibras.gov.br/app2/vlibras-plugin.js, line 81: unreachable code after return statement
JavaScript warning: https://vlibras.gov.br/app2/vlibras-plugin.js, line 81: unreachable code after return statement
JavaScript warning: https://vlibras.gov.br/app2/vlibras-plugin.js, line 81: unreachable code after return statement
JavaScript warning: https://vlibras.gov.br/app2/vlibras-plugin.js, line 81: unreachable code after return statement
JavaScript warning: https://vlibras.gov.br/app2/vlibras-plugin.js, line 81: unreachable code after return statement
JavaScript warning: https://vlibras.gov.br/app2/vlibras-plugin.js, line 81: unreachable code after return statement
JavaScript warning: https://vlibras.gov.br/app2/vlibras-plugin.js, line 81: unreachable code after return statement
JavaScript warning: https://vlibras.gov.br/app2/vlibras-plugin.js, line 81: unreachable code after return statement
JavaScript warning: https://vlibras.gov.br/app2/vlibras-plugin.js, line 81: unreachable code after return statement
JavaScript warning: https://vlibras.gov.br/app2/vlibras-plugin.js, line 81: unreachable code after return statement
JavaScript warning: https://vlibras.gov.br/app2/vlibras-plugin.js, line 81: unreachable code after return statement
JavaScript warning: https://vlibras.gov.br/app2/vlibras-plugin.js, line 81: unreachable code after return statement
JavaScript warning: https://vlibras.gov.br/app2/vlibras-plugin.js, line 81: unreachable code after return statement
JavaScript warning: https://vlibras.gov.br/app2/vlibras-plugin.js, line 81: unreachable code after return statement
JavaScript warning: https://vlibras.gov.br/app2/vlibras-plugin.js, line 81: unreachable code after return statement
JavaScript warning: https://vlibras.gov.br/app2/vlibras-plugin.js, line 81: unreachable code after return statement
JavaScript warning: https://vlibras.gov.br/app2/vlibras-plugin.js, line 81: unreachable code after return statement
JavaScript warning: https://vlibras.gov.br/app2/vlibras-plugin.js, line 81: unreachable code after return statement
JavaScript warning: https://vlibras.gov.br/app2/vlibras-plugin.js, line 81: unreachable code after return statement
JavaScript warning: https://vlibras.gov.br/app2/vlibras-plugin.js, line 81: unreachable code after return statement
JavaScript warning: https://vlibras.gov.br/app2/vlibras-plugin.js, line 81: unreachable code after return statement
JavaScript warning: https://vlibras.gov.br/app2/vlibras-plugin.js, line 81: unreachable code after return statement
JavaScript warning: https://vlibras.gov.br/app2/vlibras-plugin.js, line 81: unreachable code after return statement
JavaScript warning: https://vlibras.gov.br/app2/vlibras-plugin.js, line 81: unreachable code after return statement
JavaScript warning: https://vlibras.gov.br/app2/vlibras-plugin.js, line 81: unreachable code after return statement
JavaScript warning: https://vlibras.gov.br/app2/vlibras-plugin.js, line 81: unreachable code after return statement
JavaScript warning: https://vlibras.gov.br/app2/vlibras-plugin.js, line 81: unreachable code after return statement
JavaScript warning: https://vlibras.gov.br/app2/vlibras-plugin.js, line 81: unreachable code after return statement
JavaScript warning: https://vlibras.gov.br/app2/vlibras-plugin.js, line 81: unreachable code after return statement
JavaScript warning: https://vlibras.gov.br/app2/vlibras-plugin.js, line 81: unreachable code after return statement
JavaScript warning: https://vlibras.gov.br/app2/vlibras-plugin.js, line 81: unreachable code after return statement
JavaScript warning: https://vlibras.gov.br/app2/vlibras-plugin.js, line 81: unreachable code after return statement
JavaScript warning: https://vlibras.gov.br/app2/vlibras-plugin.js, line 81: unreachable code after return statement
JavaScript warning: https://vlibras.gov.br/app2/vlibras-plugin.js, line 81: unreachable code after return statement
JavaScript warning: https://vlibras.gov.br/app2/vlibras-plugin.js, line 81: unreachable code after return statement
JavaScript warning: https://vlibras.gov.br/app2/vlibras-plugin.js, line 81: unreachable code after return statement
JavaScript warning: https://vlibras.gov.br/app2/vlibras-plugin.js, line 81: unreachable code after return statement
JavaScript warning: https://vlibras.gov.br/app2/vlibras-plugin.js, line 81: unreachable code after return statement
JavaScript warning: https://vlibras.gov.br/app2/vlibras-plugin.js, line 81: unreachable code after return statement
JavaScript warning: https://vlibras.gov.br/app2/vlibras-plugin.js, line 81: unreachable code after return statement
JavaScript warning: https://vlibras.gov.br/app2/vlibras-plugin.js, line 81: unreachable code after return statement
JavaScript warning: https://vlibras.gov.br/app2/vlibras-plugin.js, line 81: unreachable code after return statement
JavaScript warning: https://vlibras.gov.br/app2/vlibras-plugin.js, line 81: unreachable code after return statement
JavaScript warning: https://vlibras.gov.br/app2/vlibras-plugin.js, line 81: unreachable code after return statement
JavaScript warning: https://vlibras.gov.br/app2/vlibras-plugin.js, line 81: unreachable code after return statement
JavaScript warning: https://vlibras.gov.br/app2/vlibras-plugin.js, line 81: unreachable code after return statement
JavaScript warning: https://vlibras.gov.br/app2/vlibras-plugin.js, line 81: unreachable code after return statement
JavaScript warning: https://vlibras.gov.br/app2/vlibras-plugin.js, line 81: unreachable code after return statement
JavaScript warning: https://vlibras.gov.br/app2/vlibras-plugin.js, line 81: unreachable code after return statement
JavaScript warning: https://vlibras.gov.br/app2/vlibras-plugin.js, line 81: unreachable code after return statement
JavaScript warning: https://vlibras.gov.br/app2/vlibras-plugin.js, line 81: unreachable code after return statement
JavaScript warning: https://vlibras.gov.br/app2/vlibras-plugin.js, line 81: unreachable code after return statement
JavaScript warning: https://vlibras.gov.br/app2/vlibras-plugin.js, line 81: unreachable code after return statement
console.log: WebExtensions: reset-default-search: No addons in our list are installed.
[Child 3996, IPC I/O Child] WARNING: pipe error: 232: file /builds/worker/checkouts/gecko/ipc/chromium/src/chrome/common/ipc_channel_win.cc:545
1615401936085	Marionette	INFO	Stopped listening on port 65300
SearchSettings: "get: No settings file exists, new profile?" (new Error("", "(unknown module)"))
1615401565252	Marionette	INFO	Listening on port 49198
1615401565341	Marionette	WARN	TLS certificate errors will be ignored for this session
JavaScript warning: https://vlibras.gov.br/app2/vlibras-plugin.js, line 81: unreachable code after return statement
JavaScript warning: https://vlibras.gov.br/app2/vlibras-plugin.js, line 81: unreachable code after return statement
JavaScript warning: https://vlibras.gov.br/app2/vlibras-plugin.js, line 81: unreachable code after return statement
JavaScript warning: https://vlibras.gov.br/app2/vlibras-plugin.js, line 81: unreachable code after return statement
JavaScript warning: https://vlibras.gov.br/app2/vlibras-plugin.js, line 81: unreachable code after return statement
JavaScript warning: https://vlibras.gov.br/app2/vlibras-plugin.js, line 81: unreachable code after return statement
JavaScript warning: https://vlibras.gov.br/app2/vlibras-plugin.js, line 81: unreachable code after return statement
JavaScript warning: https://vlibras.gov.br/app2/vlibras-plugin.js, line 81: unreachable code after return statement
JavaScript warning: https://vlibras.gov.br/app2/vlibras-plugin.js, line 81: unreachable code after return statement
JavaScript warning: https://vlibras.gov.br/app2/vlibras-plugin.js, line 81: unreachable code after return statement
JavaScript warning: https://vlibras.gov.br/app2/vlibras-plugin.js, line 81: unreachable code after return statement
JavaScript warning: https://vlibras.gov.br/app2/vlibras-plugin.js, line 81: unreachable code after return statement
JavaScript warning: https://vlibras.gov.br/app2/vlibras-plugin.js, line 81: unreachable code after return statement
JavaScript warning: https://vlibras.gov.br/app2/vlibras-plugin.js, line 81: unreachable code after return statement
JavaScript warning: https://vlibras.gov.br/app2/vlibras-plugin.js, line 81: unreachable code after return statement
JavaScript warning: https://vlibras.gov.br/app2/vlibras-plugin.js, line 81: unreachable code after return statement
JavaScript warning: https://vlibras.gov.br/app2/vlibras-plugin.js, line 81: unreachable code after return statement
JavaScript warning: https://vlibras.gov.br/app2/vlibras-plugin.js, line 81: unreachable code after return statement
JavaScript warning: https://vlibras.gov.br/app2/vlibras-plugin.js, line 81: unreachable code after return statement
JavaScript warning: https://vlibras.gov.br/app2/vlibras-plugin.js, line 81: unreachable code after return statement
JavaScript warning: https://vlibras.gov.br/app2/vlibras-plugin.js, line 81: unreachable code after return statement
JavaScript warning: https://vlibras.gov.br/app2/vlibras-plugin.js, line 81: unreachable code after return statement
JavaScript warning: https://vlibras.gov.br/app2/vlibras-plugin.js, line 81: unreachable code after return statement
JavaScript warning: https://vlibras.gov.br/app2/vlibras-plugin.js, line 81: unreachable code after return statement
JavaScript warning: https://vlibras.gov.br/app2/vlibras-plugin.js, line 81: unreachable code after return statement
JavaScript warning: https://vlibras.gov.br/app2/vlibras-plugin.js, line 81: unreachable code after return statement
JavaScript warning: https://vlibras.gov.br/app2/vlibras-plugin.js, line 81: unreachable code after return statement
JavaScript warning: https://vlibras.gov.br/app2/vlibras-plugin.js, line 81: unreachable code after return statement
JavaScript warning: https://vlibras.gov.br/app2/vlibras-plugin.js, line 81: unreachable code after return statement
JavaScript warning: https://vlibras.gov.br/app2/vlibras-plugin.js, line 81: unreachable code after return statement
JavaScript warning: https://vlibras.gov.br/app2/vlibras-plugin.js, line 81: unreachable code after return statement
JavaScript warning: https://vlibras.gov.br/app2/vlibras-plugin.js, line 81: unreachable code after return statement
JavaScript warning: https://vlibras.gov.br/app2/vlibras-plugin.js, line 81: unreachable code after return statement
JavaScript warning: https://vlibras.gov.br/app2/vlibras-plugin.js, line 81: unreachable code after return statement
JavaScript warning: https://vlibras.gov.br/app2/vlibras-plugin.js, line 81: unreachable code after return statement
JavaScript warning: https://vlibras.gov.br/app2/vlibras-plugin.js, line 81: unreachable code after return statement
JavaScript warning: https://vlibras.gov.br/app2/vlibras-plugin.js, line 81: unreachable code after return statement
JavaScript warning: https://vlibras.gov.br/app2/vlibras-plugin.js, line 81: unreachable code after return statement
JavaScript warning: https://vlibras.gov.br/app2/vlibras-plugin.js, line 81: unreachable code after return statement
JavaScript warning: https://vlibras.gov.br/app2/vlibras-plugin.js, line 81: unreachable code after return statement
JavaScript warning: https://vlibras.gov.br/app2/vlibras-plugin.js, line 81: unreachable code after return statement
JavaScript warning: https://vlibras.gov.br/app2/vlibras-plugin.js, line 81: unreachable code after return statement
JavaScript warning: https://vlibras.gov.br/app2/vlibras-plugin.js, line 81: unreachable code after return statement
JavaScript warning: https://vlibras.gov.br/app2/vlibras-plugin.js, line 81: unreachable code after return statement
JavaScript warning: https://vlibras.gov.br/app2/vlibras-plugin.js, line 81: unreachable code after return statement
JavaScript warning: https://vlibras.gov.br/app2/vlibras-plugin.js, line 81: unreachable code after return statement
JavaScript warning: https://vlibras.gov.br/app2/vlibras-plugin.js, line 81: unreachable code after return statement
JavaScript warning: https://vlibras.gov.br/app2/vlibras-plugin.js, line 81: unreachable code after return statement
JavaScript warning: https://vlibras.gov.br/app2/vlibras-plugin.js, line 81: unreachable code after return statement
JavaScript warning: https://vlibras.gov.br/app2/vlibras-plugin.js, line 81: unreachable code after return statement
JavaScript warning: https://vlibras.gov.br/app2/vlibras-plugin.js, line 81: unreachable code after return statement
JavaScript warning: https://vlibras.gov.br/app2/vlibras-plugin.js, line 81: unreachable code after return statement
JavaScript warning: https://vlibras.gov.br/app2/vlibras-plugin.js, line 81: unreachable code after return statement
JavaScript warning: https://vlibras.gov.br/app2/vlibras-plugin.js, line 81: unreachable code after return statement
JavaScript warning: https://vlibras.gov.br/app2/vlibras-plugin.js, line 81: unreachable code after return statement
JavaScript warning: https://vlibras.gov.br/app2/vlibras-plugin.js, line 81: unreachable code after return statement
JavaScript warning: https://vlibras.gov.br/app2/vlibras-plugin.js, line 81: unreachable code after return statement
JavaScript warning: https://vlibras.gov.br/app2/vlibras-plugin.js, line 81: unreachable code after return statement
JavaScript warning: https://vlibras.gov.br/app2/vlibras-plugin.js, line 81: unreachable code after return statement
JavaScript warning: https://vlibras.gov.br/app2/vlibras-plugin.js, line 81: unreachable code after return statement
JavaScript warning: https://vlibras.gov.br/app2/vlibras-plugin.js, line 81: unreachable code after return statement
JavaScript warning: https://vlibras.gov.br/app2/vlibras-plugin.js, line 81: unreachable code after return statement
JavaScript warning: https://vlibras.gov.br/app2/vlibras-plugin.js, line 81: unreachable code after return statement
JavaScript warning: https://vlibras.gov.br/app2/vlibras-plugin.js, line 81: unreachable code after return statement
JavaScript warning: https://vlibras.gov.br/app2/vlibras-plugin.js, line 81: unreachable code after return statement
JavaScript warning: https://vlibras.gov.br/app2/vlibras-plugin.js, line 81: unreachable code after return statement
JavaScript warning: https://vlibras.gov.br/app2/vlibras-plugin.js, line 81: unreachable code after return statement
JavaScript warning: https://vlibras.gov.br/app2/vlibras-plugin.js, line 81: unreachable code after return statement
JavaScript warning: https://vlibras.gov.br/app2/vlibras-plugin.js, line 81: unreachable code after return statement
JavaScript warning: https://vlibras.gov.br/app2/vlibras-plugin.js, line 81: unreachable code after return statement
JavaScript warning: https://vlibras.gov.br/app2/vlibras-plugin.js, line 81: unreachable code after return statement
JavaScript warning: https://vlibras.gov.br/app2/vlibras-plugin.js, line 81: unreachable code after return statement
JavaScript warning: https://vlibras.gov.br/app2/vlibras-plugin.js, line 81: unreachable code after return statement
JavaScript warning: https://vlibras.gov.br/app2/vlibras-plugin.js, line 81: unreachable code after return statement
JavaScript warning: https://vlibras.gov.br/app2/vlibras-plugin.js, line 81: unreachable code after return statement
JavaScript warning: https://vlibras.gov.br/app2/vlibras-plugin.js, line 81: unreachable code after return statement
JavaScript warning: https://vlibras.gov.br/app2/vlibras-plugin.js, line 81: unreachable code after return statement
JavaScript warning: https://vlibras.gov.br/app2/vlibras-plugin.js, line 81: unreachable code after return statement
JavaScript warning: https://vlibras.gov.br/app2/vlibras-plugin.js, line 81: unreachable code after return statement
JavaScript warning: https://vlibras.gov.br/app2/vlibras-plugin.js, line 81: unreachable code after return statement
JavaScript warning: https://vlibras.gov.br/app2/vlibras-plugin.js, line 81: unreachable code after return statement
JavaScript warning: https://vlibras.gov.br/app2/vlibras-plugin.js, line 81: unreachable code after return statement
JavaScript warning: https://vlibras.gov.br/app2/vlibras-plugin.js, line 81: unreachable code after return statement
JavaScript warning: https://vlibras.gov.br/app2/vlibras-plugin.js, line 81: unreachable code after return statement
JavaScript warning: https://vlibras.gov.br/app2/vlibras-plugin.js, line 81: unreachable code after return statement
JavaScript warning: https://vlibras.gov.br/app2/vlibras-plugin.js, line 81: unreachable code after return statement
JavaScript warning: https://vlibras.gov.br/app2/vlibras-plugin.js, line 81: unreachable code after return statement
JavaScript warning: https://vlibras.gov.br/app2/vlibras-plugin.js, line 81: unreachable code after return statement
JavaScript warning: https://vlibras.gov.br/app2/vlibras-plugin.js, line 81: unreachable code after return statement
JavaScript warning: https://vlibras.gov.br/app2/vlibras-plugin.js, line 81: unreachable code after return statement
JavaScript warning: https://vlibras.gov.br/app2/vlibras-plugin.js, line 81: unreachable code after return statement
JavaScript warning: https://vlibras.gov.br/app2/vlibras-plugin.js, line 81: unreachable code after return statement
JavaScript warning: https://vlibras.gov.br/app2/vlibras-plugin.js, line 81: unreachable code after return statement
JavaScript warning: https://vlibras.gov.br/app2/vlibras-plugin.js, line 81: unreachable code after return statement
JavaScript warning: https://vlibras.gov.br/app2/vlibras-plugin.js, line 81: unreachable code after return statement
JavaScript warning: https://vlibras.gov.br/app2/vlibras-plugin.js, line 81: unreachable code after return statement
JavaScript warning: https://vlibras.gov.br/app2/vlibras-plugin.js, line 81: unreachable code after return statement
JavaScript warning: https://vlibras.gov.br/app2/vlibras-plugin.js, line 81: unreachable code after return statement
JavaScript warning: https://vlibras.gov.br/app2/vlibras-plugin.js, line 81: unreachable code after return statement
JavaScript warning: https://vlibras.gov.br/app2/vlibras-plugin.js, line 81: unreachable code after return statement
JavaScript warning: https://vlibras.gov.br/app2/vlibras-plugin.js, line 81: unreachable code after return statement
JavaScript warning: https://vlibras.gov.br/app2/vlibras-plugin.js, line 81: unreachable code after return statement
JavaScript warning: https://vlibras.gov.br/app2/vlibras-plugin.js, line 81: unreachable code after return statement
JavaScript warning: https://vlibras.gov.br/app2/vlibras-plugin.js, line 81: unreachable code after return statement
JavaScript warning: https://vlibras.gov.br/app2/vlibras-plugin.js, line 81: unreachable code after return statement
JavaScript warning: https://vlibras.gov.br/app2/vlibras-plugin.js, line 81: unreachable code after return statement
JavaScript warning: https://vlibras.gov.br/app2/vlibras-plugin.js, line 81: unreachable code after return statement
JavaScript warning: https://vlibras.gov.br/app2/vlibras-plugin.js, line 81: unreachable code after return statement
JavaScript warning: https://vlibras.gov.br/app2/vlibras-plugin.js, line 81: unreachable code after return statement
JavaScript warning: https://vlibras.gov.br/app2/vlibras-plugin.js, line 81: unreachable code after return statement
JavaScript warning: https://vlibras.gov.br/app2/vlibras-plugin.js, line 81: unreachable code after return statement
JavaScript warning: https://vlibras.gov.br/app2/vlibras-plugin.js, line 81: unreachable code after return statement
JavaScript warning: https://vlibras.gov.br/app2/vlibras-plugin.js, line 81: unreachable code after return statement
JavaScript warning: https://vlibras.gov.br/app2/vlibras-plugin.js, line 81: unreachable code after return statement
JavaScript warning: https://vlibras.gov.br/app2/vlibras-plugin.js, line 81: unreachable code after return statement
JavaScript warning: https://vlibras.gov.br/app2/vlibras-plugin.js, line 81: unreachable code after return statement
JavaScript warning: https://vlibras.gov.br/app2/vlibras-plugin.js, line 81: unreachable code after return statement
JavaScript warning: https://vlibras.gov.br/app2/vlibras-plugin.js, line 81: unreachable code after return statement
JavaScript warning: https://vlibras.gov.br/app2/vlibras-plugin.js, line 81: unreachable code after return statement
JavaScript warning: https://vlibras.gov.br/app2/vlibras-plugin.js, line 81: unreachable code after return statement
JavaScript warning: https://vlibras.gov.br/app2/vlibras-plugin.js, line 81: unreachable code after return statement
JavaScript warning: https://vlibras.gov.br/app2/vlibras-plugin.js, line 81: unreachable code after return statement
JavaScript warning: https://vlibras.gov.br/app2/vlibras-plugin.js, line 81: unreachable code after return statement
JavaScript warning: https://vlibras.gov.br/app2/vlibras-plugin.js, line 81: unreachable code after return statement
JavaScript warning: https://vlibras.gov.br/app2/vlibras-plugin.js, line 81: unreachable code after return statement
JavaScript warning: https://vlibras.gov.br/app2/vlibras-plugin.js, line 81: unreachable code after return statement
JavaScript warning: https://vlibras.gov.br/app2/vlibras-plugin.js, line 81: unreachable code after return statement
JavaScript warning: https://vlibras.gov.br/app2/vlibras-plugin.js, line 81: unreachable code after return statement
JavaScript warning: https://vlibras.gov.br/app2/vlibras-plugin.js, line 81: unreachable code after return statement
JavaScript warning: https://vlibras.gov.br/app2/vlibras-plugin.js, line 81: unreachable code after return statement
JavaScript warning: https://vlibras.gov.br/app2/vlibras-plugin.js, line 81: unreachable code after return statement
JavaScript warning: https://vlibras.gov.br/app2/vlibras-plugin.js, line 81: unreachable code after return statement
JavaScript warning: https://vlibras.gov.br/app2/vlibras-plugin.js, line 81: unreachable code after return statement
JavaScript warning: https://vlibras.gov.br/app2/vlibras-plugin.js, line 81: unreachable code after return statement
JavaScript warning: https://vlibras.gov.br/app2/vlibras-plugin.js, line 81: unreachable code after return statement
[Child 6508, IPC I/O Child] WARNING: pipe error: 232: file /builds/worker/checkouts/gecko/ipc/chromium/src/chrome/common/ipc_channel_win.cc:545
1615401934960	Marionette	INFO	Stopped listening on port 49198

###!!! [Child][RunMessage] Error: Channel closing: too late to send/recv, messages will be lost

s: "get: No settings file exists, new profile?" (new Error("", "(unknown module)"))
1615401852065	Marionette	INFO	Listening on port 49483
1615401852490	Marionette	WARN	TLS certificate errors will be ignored for this session
JavaScript warning: https://vlibras.gov.br/app2/vlibras-plugin.js, line 81: unreachable code after return statement
JavaScript warning: https://vlibras.gov.br/app2/vlibras-plugin.js, line 81: unreachable code after return statement
JavaScript warning: https://vlibras.gov.br/app2/vlibras-plugin.js, line 81: unreachable code after return statement
JavaScript warning: https://vlibras.gov.br/app2/vlibras-plugin.js, line 81: unreachable code after return statement
JavaScript warning: https://vlibras.gov.br/app2/vlibras-plugin.js, line 81: unreachable code after return statement
JavaScript warning: https://vlibras.gov.br/app2/vlibras-plugin.js, line 81: unreachable code after return statement
JavaScript warning: https://vlibras.gov.br/app2/vlibras-plugin.js, line 81: unreachable code after return statement
JavaScript warning: https://vlibras.gov.br/app2/vlibras-plugin.js, line 81: unreachable code after return statement
JavaScript warning: https://vlibras.gov.br/app2/vlibras-plugin.js, line 81: unreachable code after return statement
JavaScript warning: https://vlibras.gov.br/app2/vlibras-plugin.js, line 81: unreachable code after return statement
JavaScript warning: https://vlibras.gov.br/app2/vlibras-plugin.js, line 81: unreachable code after return statement
JavaScript warning: https://vlibras.gov.br/app2/vlibras-plugin.js, line 81: unreachable code after return statement
JavaScript warning: https://vlibras.gov.br/app2/vlibras-plugin.js, line 81: unreachable code after return statement
JavaScript warning: https://vlibras.gov.br/app2/vlibras-plugin.js, line 81: unreachable code after return statement
JavaScript warning: https://vlibras.gov.br/app2/vlibras-plugin.js, line 81: unreachable code after return statement
JavaScript warning: https://vlibras.gov.br/app2/vlibras-plugin.js, line 81: unreachable code after return statement
JavaScript warning: https://vlibras.gov.br/app2/vlibras-plugin.js, line 81: unreachable code after return statement
JavaScript warning: https://vlibras.gov.br/app2/vlibras-plugin.js, line 81: unreachable code after return statement
JavaScript warning: https://vlibras.gov.br/app2/vlibras-plugin.js, line 81: unreachable code after return statement
JavaScript warning: https://vlibras.gov.br/app2/vlibras-plugin.js, line 81: unreachable code after return statement
JavaScript warning: https://vlibras.gov.br/app2/vlibras-plugin.js, line 81: unreachable code after return statement
JavaScript warning: https://vlibras.gov.br/app2/vlibras-plugin.js, line 81: unreachable code after return statement
JavaScript warning: https://vlibras.gov.br/app2/vlibras-plugin.js, line 81: unreachable code after return statement
JavaScript warning: https://vlibras.gov.br/app2/vlibras-plugin.js, line 81: unreachable code after return statement
JavaScript warning: https://vlibras.gov.br/app2/vlibras-plugin.js, line 81: unreachable code after return statement
JavaScript warning: https://vlibras.gov.br/app2/vlibras-plugin.js, line 81: unreachable code after return statement
JavaScript warning: https://vlibras.gov.br/app2/vlibras-plugin.js, line 81: unreachable code after return statement
JavaScript warning: https://vlibras.gov.br/app2/vlibras-plugin.js, line 81: unreachable code after return statement
JavaScript warning: https://vlibras.gov.br/app2/vlibras-plugin.js, line 81: unreachable code after return statement
JavaScript warning: https://vlibras.gov.br/app2/vlibras-plugin.js, line 81: unreachable code after return statement
JavaScript warning: https://vlibras.gov.br/app2/vlibras-plugin.js, line 81: unreachable code after return statement
JavaScript warning: https://vlibras.gov.br/app2/vlibras-plugin.js, line 81: unreachable code after return statement
JavaScript warning: https://vlibras.gov.br/app2/vlibras-plugin.js, line 81: unreachable code after return statement
JavaScript warning: https://vlibras.gov.br/app2/vlibras-plugin.js, line 81: unreachable code after return statement
JavaScript warning: https://vlibras.gov.br/app2/vlibras-plugin.js, line 81: unreachable code after return statement
JavaScript warning: https://vlibras.gov.br/app2/vlibras-plugin.js, line 81: unreachable code after return statement
JavaScript warning: https://vlibras.gov.br/app2/vlibras-plugin.js, line 81: unreachable code after return statement
JavaScript warning: https://vlibras.gov.br/app2/vlibras-plugin.js, line 81: unreachable code after return statement
JavaScript warning: https://vlibras.gov.br/app2/vlibras-plugin.js, line 81: unreachable code after return statement
JavaScript warning: https://vlibras.gov.br/app2/vlibras-plugin.js, line 81: unreachable code after return statement
JavaScript warning: https://vlibras.gov.br/app2/vlibras-plugin.js, line 81: unreachable code after return statement
JavaScript warning: https://vlibras.gov.br/app2/vlibras-plugin.js, line 81: unreachable code after return statement
JavaScript warning: https://vlibras.gov.br/app2/vlibras-plugin.js, line 81: unreachable code after return statement
JavaScript warning: https://vlibras.gov.br/app2/vlibras-plugin.js, line 81: unreachable code after return statement
JavaScript warning: https://vlibras.gov.br/app2/vlibras-plugin.js, line 81: unreachable code after return statement
JavaScript warning: https://vlibras.gov.br/app2/vlibras-plugin.js, line 81: unreachable code after return statement
JavaScript warning: https://vlibras.gov.br/app2/vlibras-plugin.js, line 81: unreachable code after return statement
JavaScript warning: https://vlibras.gov.br/app2/vlibras-plugin.js, line 81: unreachable code after return statement
JavaScript warning: https://vlibras.gov.br/app2/vlibras-plugin.js, line 81: unreachable code after return statement
JavaScript error: resource://gre/modules/AsyncShutdown.jsm, line 573: NotFoundError: No such JSWindowActor 'MarionetteEvents'
JavaScript error: resource://gre/modules/AsyncShutdown.jsm, line 573: NotFoundError: No such JSWindowActor 'MarionetteEvents'
JavaScript error: https://s7.addthis.com/js/300/addthis_widget.js#pubid=ra-58938bd0a73a315f, line 70: NS_ERROR_NOT_INITIALIZED: 
JavaScript error: https://ufrn.br/node_modules/jquery/dist/jquery.min.js, line 2: NS_ERROR_NOT_INITIALIZED: 

###!!! [Child][RunMessage] Error: Channel closing: too late to send/recv, messages will be lost

1615401933972	Marionette	INFO	Stopped listening on port 49483

###!!! [Child][RunMessage] Error: Channel closing: too late to send/recv, messages will be lost

1615401963029	geckodriver	INFO	Listening on 127.0.0.1:49627
1615401966079	mozrunner::runner	INFO	Running command: "C:\\Program Files\\Mozilla Firefox\\firefox.exe" "--marionette" "-foreground" "-no-remote" "-profile" "C:\\Users\\lenovo\\AppData\\Local\\Temp\\rust_mozprofileHIwoXG"
console.warn: SearchSettings: "get: No settings file exists, new profile?" (new Error("", "(unknown module)"))
1615401972930	Marionette	INFO	Listening on port 49635
1615401973459	Marionette	WARN	TLS certificate errors will be ignored for this session
JavaScript warning: https://vlibras.gov.br/app2/vlibras-plugin.js, line 81: unreachable code after return statement
JavaScript warning: https://vlibras.gov.br/app2/vlibras-plugin.js, line 81: unreachable code after return statement
JavaScript warning: https://vlibras.gov.br/app2/vlibras-plugin.js, line 81: unreachable code after return statement
JavaScript warning: https://vlibras.gov.br/app2/vlibras-plugin.js, line 81: unreachable code after return statement
JavaScript warning: https://vlibras.gov.br/app2/vlibras-plugin.js, line 81: unreachable code after return statement
JavaScript warning: https://vlibras.gov.br/app2/vlibras-plugin.js, line 81: unreachable code after return statement
JavaScript warning: https://vlibras.gov.br/app2/vlibras-plugin.js, line 81: unreachable code after return statement
JavaScript warning: https://vlibras.gov.br/app2/vlibras-plugin.js, line 81: unreachable code after return statement
JavaScript warning: https://vlibras.gov.br/app2/vlibras-plugin.js, line 81: unreachable code after return statement
JavaScript warning: https://vlibras.gov.br/app2/vlibras-plugin.js, line 81: unreachable code after return statement
JavaScript warning: https://vlibras.gov.br/app2/vlibras-plugin.js, line 81: unreachable code after return statement
JavaScript warning: https://vlibras.gov.br/app2/vlibras-plugin.js, line 81: unreachable code after return statement
JavaScript warning: https://vlibras.gov.br/app2/vlibras-plugin.js, line 81: unreachable code after return statement
JavaScript warning: https://vlibras.gov.br/app2/vlibras-plugin.js, line 81: unreachable code after return statement
JavaScript warning: https://vlibras.gov.br/app2/vlibras-plugin.js, line 81: unreachable code after return statement
JavaScript warning: https://vlibras.gov.br/app2/vlibras-plugin.js, line 81: unreachable code after return statement
JavaScript warning: https://vlibras.gov.br/app2/vlibras-plugin.js, line 81: unreachable code after return statement
JavaScript warning: https://vlibras.gov.br/app2/vlibras-plugin.js, line 81: unreachable code after return statement
JavaScript warning: https://vlibras.gov.br/app2/vlibras-plugin.js, line 81: unreachable code after return statement
JavaScript warning: https://vlibras.gov.br/app2/vlibras-plugin.js, line 81: unreachable code after return statement
JavaScript warning: https://vlibras.gov.br/app2/vlibras-plugin.js, line 81: unreachable code after return statement
JavaScript warning: https://vlibras.gov.br/app2/vlibras-plugin.js, line 81: unreachable code after return statement
JavaScript warning: https://vlibras.gov.br/app2/vlibras-plugin.js, line 81: unreachable code after return statement
JavaScript warning: https://vlibras.gov.br/app2/vlibras-plugin.js, line 81: unreachable code after return statement
JavaScript warning: https://vlibras.gov.br/app2/vlibras-plugin.js, line 81: unreachable code after return statement
JavaScript warning: https://vlibras.gov.br/app2/vlibras-plugin.js, line 81: unreachable code after return statement
JavaScript warning: https://vlibras.gov.br/app2/vlibras-plugin.js, line 81: unreachable code after return statement
JavaScript warning: https://vlibras.gov.br/app2/vlibras-plugin.js, line 81: unreachable code after return statement
JavaScript warning: https://vlibras.gov.br/app2/vlibras-plugin.js, line 81: unreachable code after return statement
JavaScript warning: https://vlibras.gov.br/app2/vlibras-plugin.js, line 81: unreachable code after return statement
JavaScript warning: https://vlibras.gov.br/app2/vlibras-plugin.js, line 81: unreachable code after return statement
JavaScript warning: https://vlibras.gov.br/app2/vlibras-plugin.js, line 81: unreachable code after return statement
JavaScript warning: https://vlibras.gov.br/app2/vlibras-plugin.js, line 81: unreachable code after return statement
JavaScript warning: https://vlibras.gov.br/app2/vlibras-plugin.js, line 81: unreachable code after return statement
JavaScript warning: https://vlibras.gov.br/app2/vlibras-plugin.js, line 81: unreachable code after return statement
JavaScript warning: https://vlibras.gov.br/app2/vlibras-plugin.js, line 81: unreachable code after return statement
JavaScript warning: https://vlibras.gov.br/app2/vlibras-plugin.js, line 81: unreachable code after return statement
JavaScript warning: https://vlibras.gov.br/app2/vlibras-plugin.js, line 81: unreachable code after return statement
JavaScript warning: https://vlibras.gov.br/app2/vlibras-plugin.js, line 81: unreachable code after return statement
JavaScript warning: https://vlibras.gov.br/app2/vlibras-plugin.js, line 81: unreachable code after return statement
JavaScript warning: https://vlibras.gov.br/app2/vlibras-plugin.js, line 81: unreachable code after return statement
JavaScript warning: https://vlibras.gov.br/app2/vlibras-plugin.js, line 81: unreachable code after return statement
JavaScript warning: https://vlibras.gov.br/app2/vlibras-plugin.js, line 81: unreachable code after return statement
JavaScript warning: https://vlibras.gov.br/app2/vlibras-plugin.js, line 81: unreachable code after return statement
JavaScript warning: https://vlibras.gov.br/app2/vlibras-plugin.js, line 81: unreachable code after return statement
JavaScript warning: https://vlibras.gov.br/app2/vlibras-plugin.js, line 81: unreachable code after return statement
JavaScript warning: https://vlibras.gov.br/app2/vlibras-plugin.js, line 81: unreachable code after return statement
JavaScript warning: https://vlibras.gov.br/app2/vlibras-plugin.js, line 81: unreachable code after return statement
JavaScript warning: https://vlibras.gov.br/app2/vlibras-plugin.js, line 81: unreachable code after return statement
JavaScript warning: https://vlibras.gov.br/app2/vlibras-plugin.js, line 81: unreachable code after return statement
JavaScript warning: https://vlibras.gov.br/app2/vlibras-plugin.js, line 81: unreachable code after return statement
JavaScript warning: https://vlibras.gov.br/app2/vlibras-plugin.js, line 81: unreachable code after return statement
JavaScript warning: https://vlibras.gov.br/app2/vlibras-plugin.js, line 81: unreachable code after return statement
JavaScript warning: https://vlibras.gov.br/app2/vlibras-plugin.js, line 81: unreachable code after return statement
JavaScript warning: https://vlibras.gov.br/app2/vlibras-plugin.js, line 81: unreachable code after return statement
JavaScript warning: https://vlibras.gov.br/app2/vlibras-plugin.js, line 81: unreachable code after return statement
JavaScript warning: https://vlibras.gov.br/app2/vlibras-plugin.js, line 81: unreachable code after return statement
JavaScript warning: https://vlibras.gov.br/app2/vlibras-plugin.js, line 81: unreachable code after return statement
JavaScript warning: https://vlibras.gov.br/app2/vlibras-plugin.js, line 81: unreachable code after return statement
JavaScript warning: https://vlibras.gov.br/app2/vlibras-plugin.js, line 81: unreachable code after return statement
JavaScript warning: https://vlibras.gov.br/app2/vlibras-plugin.js, line 81: unreachable code after return statement
JavaScript warning: https://vlibras.gov.br/app2/vlibras-plugin.js, line 81: unreachable code after return statement
JavaScript warning: https://vlibras.gov.br/app2/vlibras-plugin.js, line 81: unreachable code after return statement
JavaScript warning: https://vlibras.gov.br/app2/vlibras-plugin.js, line 81: unreachable code after return statement
JavaScript warning: https://vlibras.gov.br/app2/vlibras-plugin.js, line 81: unreachable code after return statement
JavaScript warning: https://vlibras.gov.br/app2/vlibras-plugin.js, line 81: unreachable code after return statement
JavaScript warning: https://vlibras.gov.br/app2/vlibras-plugin.js, line 81: unreachable code after return statement
JavaScript warning: https://vlibras.gov.br/app2/vlibras-plugin.js, line 81: unreachable code after return statement
JavaScript warning: https://vlibras.gov.br/app2/vlibras-plugin.js, line 81: unreachable code after return statement
JavaScript warning: https://vlibras.gov.br/app2/vlibras-plugin.js, line 81: unreachable code after return statement
JavaScript warning: https://vlibras.gov.br/app2/vlibras-plugin.js, line 81: unreachable code after return statement
JavaScript warning: https://vlibras.gov.br/app2/vlibras-plugin.js, line 81: unreachable code after return statement
JavaScript warning: https://vlibras.gov.br/app2/vlibras-plugin.js, line 81: unreachable code after return statement
JavaScript warning: https://vlibras.gov.br/app2/vlibras-plugin.js, line 81: unreachable code after return statement
JavaScript warning: https://vlibras.gov.br/app2/vlibras-plugin.js, line 81: unreachable code after return statement
JavaScript warning: https://vlibras.gov.br/app2/vlibras-plugin.js, line 81: unreachable code after return statement
JavaScript warning: https://vlibras.gov.br/app2/vlibras-plugin.js, line 81: unreachable code after return statement
JavaScript warning: https://vlibras.gov.br/app2/vlibras-plugin.js, line 81: unreachable code after return statement
JavaScript warning: https://vlibras.gov.br/app2/vlibras-plugin.js, line 81: unreachable code after return statement
JavaScript warning: https://vlibras.gov.br/app2/vlibras-plugin.js, line 81: unreachable code after return statement
JavaScript warning: https://vlibras.gov.br/app2/vlibras-plugin.js, line 81: unreachable code after return statement
JavaScript warning: https://vlibras.gov.br/app2/vlibras-plugin.js, line 81: unreachable code after return statement
JavaScript warning: https://vlibras.gov.br/app2/vlibras-plugin.js, line 81: unreachable code after return statement
JavaScript warning: https://vlibras.gov.br/app2/vlibras-plugin.js, line 81: unreachable code after return statement
JavaScript warning: https://vlibras.gov.br/app2/vlibras-plugin.js, line 81: unreachable code after return statement
JavaScript warning: https://vlibras.gov.br/app2/vlibras-plugin.js, line 81: unreachable code after return statement
JavaScript warning: https://vlibras.gov.br/app2/vlibras-plugin.js, line 81: unreachable code after return statement
JavaScript warning: https://vlibras.gov.br/app2/vlibras-plugin.js, line 81: unreachable code after return statement
JavaScript warning: https://vlibras.gov.br/app2/vlibras-plugin.js, line 81: unreachable code after return statement
JavaScript warning: https://vlibras.gov.br/app2/vlibras-plugin.js, line 81: unreachable code after return statement
JavaScript warning: https://vlibras.gov.br/app2/vlibras-plugin.js, line 81: unreachable code after return statement
JavaScript warning: https://vlibras.gov.br/app2/vlibras-plugin.js, line 81: unreachable code after return statement
JavaScript warning: https://vlibras.gov.br/app2/vlibras-plugin.js, line 81: unreachable code after return statement
JavaScript warning: https://vlibras.gov.br/app2/vlibras-plugin.js, line 81: unreachable code after return statement
JavaScript warning: https://vlibras.gov.br/app2/vlibras-plugin.js, line 81: unreachable code after return statement
JavaScript warning: https://vlibras.gov.br/app2/vlibras-plugin.js, line 81: unreachable code after return statement
JavaScript warning: https://vlibras.gov.br/app2/vlibras-plugin.js, line 81: unreachable code after return statement
JavaScript warning: https://vlibras.gov.br/app2/vlibras-plugin.js, line 81: unreachable code after return statement
JavaScript warning: https://vlibras.gov.br/app2/vlibras-plugin.js, line 81: unreachable code after return statement
JavaScript warning: https://vlibras.gov.br/app2/vlibras-plugin.js, line 81: unreachable code after return statement
JavaScript warning: https://vlibras.gov.br/app2/vlibras-plugin.js, line 81: unreachable code after return statement
JavaScript warning: https://vlibras.gov.br/app2/vlibras-plugin.js, line 81: unreachable code after return statement
JavaScript warning: https://vlibras.gov.br/app2/vlibras-plugin.js, line 81: unreachable code after return statement
JavaScript warning: https://vlibras.gov.br/app2/vlibras-plugin.js, line 81: unreachable code after return statement
JavaScript warning: https://vlibras.gov.br/app2/vlibras-plugin.js, line 81: unreachable code after return statement
JavaScript warning: https://vlibras.gov.br/app2/vlibras-plugin.js, line 81: unreachable code after return statement
JavaScript warning: https://vlibras.gov.br/app2/vlibras-plugin.js, line 81: unreachable code after return statement
JavaScript warning: https://vlibras.gov.br/app2/vlibras-plugin.js, line 81: unreachable code after return statement
JavaScript warning: https://vlibras.gov.br/app2/vlibras-plugin.js, line 81: unreachable code after return statement
JavaScript warning: https://vlibras.gov.br/app2/vlibras-plugin.js, line 81: unreachable code after return statement
JavaScript warning: https://vlibras.gov.br/app2/vlibras-plugin.js, line 81: unreachable code after return statement
JavaScript warning: https://vlibras.gov.br/app2/vlibras-plugin.js, line 81: unreachable code after return statement
JavaScript warning: https://vlibras.gov.br/app2/vlibras-plugin.js, line 81: unreachable code after return statement
JavaScript warning: https://vlibras.gov.br/app2/vlibras-plugin.js, line 81: unreachable code after return statement
JavaScript warning: https://vlibras.gov.br/app2/vlibras-plugin.js, line 81: unreachable code after return statement
JavaScript warning: https://vlibras.gov.br/app2/vlibras-plugin.js, line 81: unreachable code after return statement
JavaScript warning: https://vlibras.gov.br/app2/vlibras-plugin.js, line 81: unreachable code after return statement
JavaScript warning: https://vlibras.gov.br/app2/vlibras-plugin.js, line 81: unreachable code after return statement
JavaScript warning: https://vlibras.gov.br/app2/vlibras-plugin.js, line 81: unreachable code after return statement
JavaScript warning: https://vlibras.gov.br/app2/vlibras-plugin.js, line 81: unreachable code after return statement
JavaScript warning: https://vlibras.gov.br/app2/vlibras-plugin.js, line 81: unreachable code after return statement
JavaScript warning: https://vlibras.gov.br/app2/vlibras-plugin.js, line 81: unreachable code after return statement
JavaScript warning: https://vlibras.gov.br/app2/vlibras-plugin.js, line 81: unreachable code after return statement
JavaScript warning: https://vlibras.gov.br/app2/vlibras-plugin.js, line 81: unreachable code after return statement
JavaScript warning: https://vlibras.gov.br/app2/vlibras-plugin.js, line 81: unreachable code after return statement
JavaScript warning: https://vlibras.gov.br/app2/vlibras-plugin.js, line 81: unreachable code after return statement
JavaScript warning: https://vlibras.gov.br/app2/vlibras-plugin.js, line 81: unreachable code after return statement
JavaScript warning: https://vlibras.gov.br/app2/vlibras-plugin.js, line 81: unreachable code after return statement
JavaScript warning: https://vlibras.gov.br/app2/vlibras-plugin.js, line 81: unreachable code after return statement
JavaScript warning: https://vlibras.gov.br/app2/vlibras-plugin.js, line 81: unreachable code after return statement
JavaScript warning: https://vlibras.gov.br/app2/vlibras-plugin.js, line 81: unreachable code after return statement
JavaScript warning: https://vlibras.gov.br/app2/vlibras-plugin.js, line 81: unreachable code after return statement
JavaScript warning: https://vlibras.gov.br/app2/vlibras-plugin.js, line 81: unreachable code after return statement
JavaScript warning: https://vlibras.gov.br/app2/vlibras-plugin.js, line 81: unreachable code after return statement
JavaScript warning: https://vlibras.gov.br/app2/vlibras-plugin.js, line 81: unreachable code after return statement
console.log: WebExtensions: reset-default-search: No addons in our list are installed.
JavaScript error: , line 0: NS_ERROR_NOT_AVAILABLE
a Firefox\\firefox.exe" "--marionette" "-foreground" "-no-remote" "-profile" "C:\\Users\\lenovo\\AppData\\Local\\Temp\\rust_mozprofileoYPKcM"
console.warn: SearchSettings: "get: No settings file exists, new profile?" (new Error("", "(unknown module)"))
1615402245240	Marionette	INFO	Listening on port 49944
1615402245597	Marionette	WARN	TLS certificate errors will be ignored for this session
JavaScript warning: https://vlibras.gov.br/app2/vlibras-plugin.js, line 81: unreachable code after return statement
JavaScript warning: https://vlibras.gov.br/app2/vlibras-plugin.js, line 81: unreachable code after return statement
JavaScript warning: https://vlibras.gov.br/app2/vlibras-plugin.js, line 81: unreachable code after return statement
JavaScript warning: https://vlibras.gov.br/app2/vlibras-plugin.js, line 81: unreachable code after return statement
JavaScript warning: https://vlibras.gov.br/app2/vlibras-plugin.js, line 81: unreachable code after return statement
JavaScript warning: https://vlibras.gov.br/app2/vlibras-plugin.js, line 81: unreachable code after return statement
JavaScript warning: https://vlibras.gov.br/app2/vlibras-plugin.js, line 81: unreachable code after return statement
JavaScript warning: https://vlibras.gov.br/app2/vlibras-plugin.js, line 81: unreachable code after return statement
JavaScript warning: https://vlibras.gov.br/app2/vlibras-plugin.js, line 81: unreachable code after return statement
JavaScript warning: https://vlibras.gov.br/app2/vlibras-plugin.js, line 81: unreachable code after return statement
JavaScript warning: https://vlibras.gov.br/app2/vlibras-plugin.js, line 81: unreachable code after return statement
JavaScript warning: https://vlibras.gov.br/app2/vlibras-plugin.js, line 81: unreachable code after return statement
JavaScript warning: https://vlibras.gov.br/app2/vlibras-plugin.js, line 81: unreachable code after return statement
JavaScript warning: https://vlibras.gov.br/app2/vlibras-plugin.js, line 81: unreachable code after return statement
JavaScript warning: https://vlibras.gov.br/app2/vlibras-plugin.js, line 81: unreachable code after return statement
JavaScript warning: https://vlibras.gov.br/app2/vlibras-plugin.js, line 81: unreachable code after return statement
JavaScript warning: https://vlibras.gov.br/app2/vlibras-plugin.js, line 81: unreachable code after return statement
JavaScript warning: https://vlibras.gov.br/app2/vlibras-plugin.js, line 81: unreachable code after return statement
JavaScript warning: https://vlibras.gov.br/app2/vlibras-plugin.js, line 81: unreachable code after return statement
JavaScript warning: https://vlibras.gov.br/app2/vlibras-plugin.js, line 81: unreachable code after return statement
JavaScript warning: https://vlibras.gov.br/app2/vlibras-plugin.js, line 81: unreachable code after return statement
JavaScript warning: https://vlibras.gov.br/app2/vlibras-plugin.js, line 81: unreachable code after return statement
JavaScript warning: https://vlibras.gov.br/app2/vlibras-plugin.js, line 81: unreachable code after return statement
JavaScript warning: https://vlibras.gov.br/app2/vlibras-plugin.js, line 81: unreachable code after return statement
JavaScript warning: https://vlibras.gov.br/app2/vlibras-plugin.js, line 81: unreachable code after return statement
JavaScript warning: https://vlibras.gov.br/app2/vlibras-plugin.js, line 81: unreachable code after return statement
JavaScript warning: https://vlibras.gov.br/app2/vlibras-plugin.js, line 81: unreachable code after return statement
JavaScript warning: https://vlibras.gov.br/app2/vlibras-plugin.js, line 81: unreachable code after return statement
JavaScript warning: https://vlibras.gov.br/app2/vlibras-plugin.js, line 81: unreachable code after return statement
JavaScript warning: https://vlibras.gov.br/app2/vlibras-plugin.js, line 81: unreachable code after return statement
JavaScript warning: https://vlibras.gov.br/app2/vlibras-plugin.js, line 81: unreachable code after return statement
JavaScript warning: https://vlibras.gov.br/app2/vlibras-plugin.js, line 81: unreachable code after return statement
JavaScript warning: https://vlibras.gov.br/app2/vlibras-plugin.js, line 81: unreachable code after return statement
JavaScript warning: https://vlibras.gov.br/app2/vlibras-plugin.js, line 81: unreachable code after return statement
JavaScript warning: https://vlibras.gov.br/app2/vlibras-plugin.js, line 81: unreachable code after return statement
JavaScript warning: https://vlibras.gov.br/app2/vlibras-plugin.js, line 81: unreachable code after return statement
JavaScript warning: https://vlibras.gov.br/app2/vlibras-plugin.js, line 81: unreachable code after return statement
JavaScript warning: https://vlibras.gov.br/app2/vlibras-plugin.js, line 81: unreachable code after return statement
JavaScript warning: https://vlibras.gov.br/app2/vlibras-plugin.js, line 81: unreachable code after return statement
JavaScript warning: https://vlibras.gov.br/app2/vlibras-plugin.js, line 81: unreachable code after return statement
JavaScript warning: https://vlibras.gov.br/app2/vlibras-plugin.js, line 81: unreachable code after return statement
JavaScript warning: https://vlibras.gov.br/app2/vlibras-plugin.js, line 81: unreachable code after return statement
JavaScript warning: https://vlibras.gov.br/app2/vlibras-plugin.js, line 81: unreachable code after return statement
JavaScript warning: https://vlibras.gov.br/app2/vlibras-plugin.js, line 81: unreachable code after return statement
JavaScript warning: https://vlibras.gov.br/app2/vlibras-plugin.js, line 81: unreachable code after return statement
JavaScript warning: https://vlibras.gov.br/app2/vlibras-plugin.js, line 81: unreachable code after return statement
JavaScript warning: https://vlibras.gov.br/app2/vlibras-plugin.js, line 81: unreachable code after return statement
JavaScript warning: https://vlibras.gov.br/app2/vlibras-plugin.js, line 81: unreachable code after return statement
JavaScript warning: https://vlibras.gov.br/app2/vlibras-plugin.js, line 81: unreachable code after return statement
JavaScript warning: https://vlibras.gov.br/app2/vlibras-plugin.js, line 81: unreachable code after return statement
JavaScript warning: https://vlibras.gov.br/app2/vlibras-plugin.js, line 81: unreachable code after return statement
JavaScript warning: https://vlibras.gov.br/app2/vlibras-plugin.js, line 81: unreachable code after return statement
JavaScript warning: https://vlibras.gov.br/app2/vlibras-plugin.js, line 81: unreachable code after return statement
JavaScript warning: https://vlibras.gov.br/app2/vlibras-plugin.js, line 81: unreachable code after return statement
JavaScript warning: https://vlibras.gov.br/app2/vlibras-plugin.js, line 81: unreachable code after return statement
JavaScript warning: https://vlibras.gov.br/app2/vlibras-plugin.js, line 81: unreachable code after return statement
JavaScript warning: https://vlibras.gov.br/app2/vlibras-plugin.js, line 81: unreachable code after return statement
JavaScript warning: https://vlibras.gov.br/app2/vlibras-plugin.js, line 81: unreachable code after return statement
JavaScript warning: https://vlibras.gov.br/app2/vlibras-plugin.js, line 81: unreachable code after return statement
JavaScript warning: https://vlibras.gov.br/app2/vlibras-plugin.js, line 81: unreachable code after return statement
JavaScript warning: https://vlibras.gov.br/app2/vlibras-plugin.js, line 81: unreachable code after return statement
JavaScript warning: https://vlibras.gov.br/app2/vlibras-plugin.js, line 81: unreachable code after return statement
JavaScript warning: https://vlibras.gov.br/app2/vlibras-plugin.js, line 81: unreachable code after return statement
JavaScript warning: https://vlibras.gov.br/app2/vlibras-plugin.js, line 81: unreachable code after return statement
JavaScript warning: https://vlibras.gov.br/app2/vlibras-plugin.js, line 81: unreachable code after return statement
JavaScript warning: https://vlibras.gov.br/app2/vlibras-plugin.js, line 81: unreachable code after return statement
JavaScript warning: https://vlibras.gov.br/app2/vlibras-plugin.js, line 81: unreachable code after return statement
JavaScript warning: https://vlibras.gov.br/app2/vlibras-plugin.js, line 81: unreachable code after return statement
JavaScript warning: https://vlibras.gov.br/app2/vlibras-plugin.js, line 81: unreachable code after return statement
JavaScript warning: https://vlibras.gov.br/app2/vlibras-plugin.js, line 81: unreachable code after return statement
JavaScript warning: https://vlibras.gov.br/app2/vlibras-plugin.js, line 81: unreachable code after return statement
JavaScript warning: https://vlibras.gov.br/app2/vlibras-plugin.js, line 81: unreachable code after return statement
JavaScript warning: https://vlibras.gov.br/app2/vlibras-plugin.js, line 81: unreachable code after return statement
JavaScript warning: https://vlibras.gov.br/app2/vlibras-plugin.js, line 81: unreachable code after return statement
JavaScript warning: https://vlibras.gov.br/app2/vlibras-plugin.js, line 81: unreachable code after return statement
JavaScript warning: https://vlibras.gov.br/app2/vlibras-plugin.js, line 81: unreachable code after return statement
JavaScript warning: https://vlibras.gov.br/app2/vlibras-plugin.js, line 81: unreachable code after return statement
JavaScript warning: https://vlibras.gov.br/app2/vlibras-plugin.js, line 81: unreachable code after return statement
JavaScript warning: https://vlibras.gov.br/app2/vlibras-plugin.js, line 81: unreachable code after return statement
JavaScript warning: https://vlibras.gov.br/app2/vlibras-plugin.js, line 81: unreachable code after return statement
JavaScript warning: https://vlibras.gov.br/app2/vlibras-plugin.js, line 81: unreachable code after return statement
JavaScript warning: https://vlibras.gov.br/app2/vlibras-plugin.js, line 81: unreachable code after return statement
JavaScript warning: https://vlibras.gov.br/app2/vlibras-plugin.js, line 81: unreachable code after return statement
JavaScript warning: https://vlibras.gov.br/app2/vlibras-plugin.js, line 81: unreachable code after return statement
JavaScript warning: https://vlibras.gov.br/app2/vlibras-plugin.js, line 81: unreachable code after return statement
JavaScript warning: https://vlibras.gov.br/app2/vlibras-plugin.js, line 81: unreachable code after return statement
JavaScript warning: https://vlibras.gov.br/app2/vlibras-plugin.js, line 81: unreachable code after return statement
JavaScript warning: https://vlibras.gov.br/app2/vlibras-plugin.js, line 81: unreachable code after return statement
JavaScript warning: https://vlibras.gov.br/app2/vlibras-plugin.js, line 81: unreachable code after return statement
JavaScript warning: https://vlibras.gov.br/app2/vlibras-plugin.js, line 81: unreachable code after return statement
JavaScript warning: https://vlibras.gov.br/app2/vlibras-plugin.js, line 81: unreachable code after return statement
JavaScript warning: https://vlibras.gov.br/app2/vlibras-plugin.js, line 81: unreachable code after return statement
JavaScript warning: https://vlibras.gov.br/app2/vlibras-plugin.js, line 81: unreachable code after return statement
JavaScript warning: https://vlibras.gov.br/app2/vlibras-plugin.js, line 81: unreachable code after return statement
JavaScript warning: https://vlibras.gov.br/app2/vlibras-plugin.js, line 81: unreachable code after return statement
JavaScript warning: https://vlibras.gov.br/app2/vlibras-plugin.js, line 81: unreachable code after return statement
JavaScript warning: https://vlibras.gov.br/app2/vlibras-plugin.js, line 81: unreachable code after return statement
JavaScript warning: https://vlibras.gov.br/app2/vlibras-plugin.js, line 81: unreachable code after return statement
JavaScript warning: https://vlibras.gov.br/app2/vlibras-plugin.js, line 81: unreachable code after return statement
JavaScript warning: https://vlibras.gov.br/app2/vlibras-plugin.js, line 81: unreachable code after return statement
JavaScript warning: https://vlibras.gov.br/app2/vlibras-plugin.js, line 81: unreachable code after return statement
JavaScript warning: https://vlibras.gov.br/app2/vlibras-plugin.js, line 81: unreachable code after return statement
JavaScript warning: https://vlibras.gov.br/app2/vlibras-plugin.js, line 81: unreachable code after return statement
JavaScript warning: https://vlibras.gov.br/app2/vlibras-plugin.js, line 81: unreachable code after return statement
JavaScript warning: https://vlibras.gov.br/app2/vlibras-plugin.js, line 81: unreachable code after return statement
JavaScript warning: https://vlibras.gov.br/app2/vlibras-plugin.js, line 81: unreachable code after return statement
JavaScript warning: https://vlibras.gov.br/app2/vlibras-plugin.js, line 81: unreachable code after return statement
JavaScript warning: https://vlibras.gov.br/app2/vlibras-plugin.js, line 81: unreachable code after return statement
JavaScript warning: https://vlibras.gov.br/app2/vlibras-plugin.js, line 81: unreachable code after return statement
JavaScript warning: https://vlibras.gov.br/app2/vlibras-plugin.js, line 81: unreachable code after return statement
JavaScript warning: https://vlibras.gov.br/app2/vlibras-plugin.js, line 81: unreachable code after return statement
JavaScript warning: https://vlibras.gov.br/app2/vlibras-plugin.js, line 81: unreachable code after return statement
JavaScript warning: https://vlibras.gov.br/app2/vlibras-plugin.js, line 81: unreachable code after return statement
JavaScript warning: https://vlibras.gov.br/app2/vlibras-plugin.js, line 81: unreachable code after return statement
JavaScript warning: https://vlibras.gov.br/app2/vlibras-plugin.js, line 81: unreachable code after return statement
JavaScript warning: https://vlibras.gov.br/app2/vlibras-plugin.js, line 81: unreachable code after return statement
JavaScript warning: https://vlibras.gov.br/app2/vlibras-plugin.js, line 81: unreachable code after return statement
JavaScript warning: https://vlibras.gov.br/app2/vlibras-plugin.js, line 81: unreachable code after return statement
JavaScript warning: https://vlibras.gov.br/app2/vlibras-plugin.js, line 81: unreachable code after return statement
JavaScript warning: https://vlibras.gov.br/app2/vlibras-plugin.js, line 81: unreachable code after return statement
JavaScript warning: https://vlibras.gov.br/app2/vlibras-plugin.js, line 81: unreachable code after return statement
JavaScript warning: https://vlibras.gov.br/app2/vlibras-plugin.js, line 81: unreachable code after return statement
JavaScript warning: https://vlibras.gov.br/app2/vlibras-plugin.js, line 81: unreachable code after return statement
JavaScript warning: https://vlibras.gov.br/app2/vlibras-plugin.js, line 81: unreachable code after return statement
JavaScript warning: https://vlibras.gov.br/app2/vlibras-plugin.js, line 81: unreachable code after return statement
JavaScript warning: https://vlibras.gov.br/app2/vlibras-plugin.js, line 81: unreachable code after return statement
JavaScript warning: https://vlibras.gov.br/app2/vlibras-plugin.js, line 81: unreachable code after return statement
JavaScript warning: https://vlibras.gov.br/app2/vlibras-plugin.js, line 81: unreachable code after return statement
JavaScript warning: https://vlibras.gov.br/app2/vlibras-plugin.js, line 81: unreachable code after return statement
JavaScript warning: https://vlibras.gov.br/app2/vlibras-plugin.js, line 81: unreachable code after return statement
JavaScript warning: https://vlibras.gov.br/app2/vlibras-plugin.js, line 81: unreachable code after return statement
JavaScript warning: https://vlibras.gov.br/app2/vlibras-plugin.js, line 81: unreachable code after return statement
JavaScript warning: https://vlibras.gov.br/app2/vlibras-plugin.js, line 81: unreachable code after return statement
JavaScript warning: https://vlibras.gov.br/app2/vlibras-plugin.js, line 81: unreachable code after return statement
JavaScript warning: https://vlibras.gov.br/app2/vlibras-plugin.js, line 81: unreachable code after return statement
console.log: WebExtensions: reset-default-search: No addons in our list are installed.
